<?xml version="1.0" encoding="UTF-8"?>
<testsuite name="types.OperatorTest" tests="1" skipped="0" failures="0" errors="0" timestamp="2022-01-18T07:12:22" hostname="DESKTOP-78SPBBI" time="0.017">
  <properties/>
  <testcase name="evaluate_divideUsingVectorAndScalar_createsANewScalar()" classname="types.OperatorTest" time="0.017"/>
  <system-out><![CDATA[]]></system-out>
  <system-err><![CDATA[]]></system-err>
</testsuite>
