<?xml version="1.0" encoding="UTF-8"?>
<testsuite name="data.ScalarTest" tests="1" skipped="0" failures="0" errors="0" timestamp="2022-02-05T01:29:46" hostname="DESKTOP-78SPBBI" time="0.016">
  <properties/>
  <testcase name="multiply_withScalarAndComplexScalar_aScalarIsReturned()" classname="data.ScalarTest" time="0.016"/>
  <system-out><![CDATA[]]></system-out>
  <system-err><![CDATA[]]></system-err>
</testsuite>
