<?xml version="1.0" encoding="UTF-8"?>
<testsuite name="data.VectorTest" tests="1" skipped="0" failures="0" errors="0" timestamp="2022-02-03T02:25:00" hostname="DESKTOP-78SPBBI" time="0.015">
  <properties/>
  <testcase name="vectorAdd_withTwo2DVectors_aVectorIsReturned()" classname="data.VectorTest" time="0.015"/>
  <system-out><![CDATA[]]></system-out>
  <system-err><![CDATA[]]></system-err>
</testsuite>
