<?xml version="1.0" encoding="UTF-8"?>
<testsuite name="daos.CustomerDaoTest" tests="1" skipped="0" failures="0" errors="0" timestamp="2022-01-06T06:50:00" hostname="DESKTOP-78SPBBI" time="0.03">
  <properties/>
  <testcase name="save_newCustomer_savesNewCustomer()" classname="daos.CustomerDaoTest" time="0.03"/>
  <system-out><![CDATA[]]></system-out>
  <system-err><![CDATA[]]></system-err>
</testsuite>
