<?xml version="1.0" encoding="UTF-8"?>
<testsuite name="daos.CustomerDaoTest" tests="1" skipped="0" failures="0" errors="0" timestamp="2022-01-08T08:13:51" hostname="DESKTOP-78SPBBI" time="0.033">
  <properties/>
  <testcase name="update_existingCustomerMiddleName_updatesCustomerInPersistentLayer()" classname="daos.CustomerDaoTest" time="0.033"/>
  <system-out><![CDATA[]]></system-out>
  <system-err><![CDATA[]]></system-err>
</testsuite>
